mode: set
github.com/dfklegend/cell/rpc/client/mailbox.go:67.28,75.2 2 1
github.com/dfklegend/cell/rpc/client/mailbox.go:77.55,79.2 1 1
github.com/dfklegend/cell/rpc/client/mailbox.go:81.45,82.25 1 1
github.com/dfklegend/cell/rpc/client/mailbox.go:85.2,85.17 1 0
github.com/dfklegend/cell/rpc/client/mailbox.go:82.25,84.3 1 1
github.com/dfklegend/cell/rpc/client/mailbox.go:89.44,101.2 6 1
github.com/dfklegend/cell/rpc/client/mailbox.go:103.29,104.22 1 1
github.com/dfklegend/cell/rpc/client/mailbox.go:107.2,109.21 3 1
github.com/dfklegend/cell/rpc/client/mailbox.go:104.22,106.3 1 0
github.com/dfklegend/cell/rpc/client/mailbox.go:113.48,119.16 4 1
github.com/dfklegend/cell/rpc/client/mailbox.go:122.2,125.21 3 1
github.com/dfklegend/cell/rpc/client/mailbox.go:119.16,121.3 1 0
github.com/dfklegend/cell/rpc/client/mailbox.go:130.43,133.12 2 1
github.com/dfklegend/cell/rpc/client/mailbox.go:133.12,136.21 2 1
github.com/dfklegend/cell/rpc/client/mailbox.go:136.21,137.53 1 1
github.com/dfklegend/cell/rpc/client/mailbox.go:142.4,142.11 1 1
github.com/dfklegend/cell/rpc/client/mailbox.go:137.53,140.5 1 1
github.com/dfklegend/cell/rpc/client/mailbox.go:143.15,144.25 1 1
github.com/dfklegend/cell/rpc/client/mailbox.go:150.41,152.2 1 1
github.com/dfklegend/cell/rpc/client/mailbox.go:154.41,158.2 3 1
github.com/dfklegend/cell/rpc/client/mailbox.go:162.38,163.52 1 1
github.com/dfklegend/cell/rpc/client/mailbox.go:167.2,169.23 3 1
github.com/dfklegend/cell/rpc/client/mailbox.go:173.2,173.34 1 1
github.com/dfklegend/cell/rpc/client/mailbox.go:163.52,165.3 1 1
github.com/dfklegend/cell/rpc/client/mailbox.go:169.23,171.3 1 0
github.com/dfklegend/cell/rpc/client/mailbox.go:173.34,175.18 2 1
github.com/dfklegend/cell/rpc/client/mailbox.go:178.3,179.24 2 1
github.com/dfklegend/cell/rpc/client/mailbox.go:175.18,177.4 1 1
github.com/dfklegend/cell/rpc/client/mailbox.go:183.41,189.37 4 1
github.com/dfklegend/cell/rpc/client/mailbox.go:199.2,199.17 1 1
github.com/dfklegend/cell/rpc/client/mailbox.go:202.2,202.13 1 1
github.com/dfklegend/cell/rpc/client/mailbox.go:189.37,190.18 1 1
github.com/dfklegend/cell/rpc/client/mailbox.go:190.18,192.4 1 1
github.com/dfklegend/cell/rpc/client/mailbox.go:192.9,193.23 1 0
github.com/dfklegend/cell/rpc/client/mailbox.go:193.23,195.5 1 0
github.com/dfklegend/cell/rpc/client/mailbox.go:199.17,201.3 1 1
github.com/dfklegend/cell/rpc/client/mailbox.go:207.38,210.12 2 1
github.com/dfklegend/cell/rpc/client/mailbox.go:210.12,212.21 2 1
github.com/dfklegend/cell/rpc/client/mailbox.go:212.21,214.36 1 1
github.com/dfklegend/cell/rpc/client/mailbox.go:219.4,219.11 1 1
github.com/dfklegend/cell/rpc/client/mailbox.go:214.36,217.5 1 0
github.com/dfklegend/cell/rpc/client/mailbox.go:220.15,221.22 1 1
github.com/dfklegend/cell/rpc/client/mailbox.go:227.35,230.2 2 1
github.com/dfklegend/cell/rpc/client/mailbox.go:232.33,233.25 1 1
github.com/dfklegend/cell/rpc/client/mailbox.go:237.2,244.33 3 1
github.com/dfklegend/cell/rpc/client/mailbox.go:249.2,249.32 1 1
github.com/dfklegend/cell/rpc/client/mailbox.go:255.2,255.28 1 1
github.com/dfklegend/cell/rpc/client/mailbox.go:233.25,235.3 1 1
github.com/dfklegend/cell/rpc/client/mailbox.go:244.33,247.3 2 1
github.com/dfklegend/cell/rpc/client/mailbox.go:249.32,252.3 1 1
github.com/dfklegend/cell/rpc/client/mailbox.go:255.28,258.3 2 1
github.com/dfklegend/cell/rpc/client/mailbox.go:262.46,263.29 1 1
github.com/dfklegend/cell/rpc/client/mailbox.go:268.2,272.37 4 1
github.com/dfklegend/cell/rpc/client/mailbox.go:278.2,280.23 2 1
github.com/dfklegend/cell/rpc/client/mailbox.go:284.2,286.29 2 0
github.com/dfklegend/cell/rpc/client/mailbox.go:263.29,265.3 1 1
github.com/dfklegend/cell/rpc/client/mailbox.go:272.37,273.25 1 1
github.com/dfklegend/cell/rpc/client/mailbox.go:273.25,276.4 1 0
github.com/dfklegend/cell/rpc/client/mailbox.go:280.23,282.3 1 1
github.com/dfklegend/cell/rpc/client/mailbox.go:286.29,291.3 3 0
github.com/dfklegend/cell/rpc/client/mailbox.go:294.41,297.2 1 1
github.com/dfklegend/cell/rpc/client/mailbox.go:302.43,309.24 2 1
github.com/dfklegend/cell/rpc/client/mailbox.go:314.2,314.22 1 1
github.com/dfklegend/cell/rpc/client/mailbox.go:309.24,312.3 2 1
github.com/dfklegend/cell/rpc/client/mailbox.go:317.48,319.33 1 1
github.com/dfklegend/cell/rpc/client/mailbox.go:323.2,323.37 1 1
github.com/dfklegend/cell/rpc/client/mailbox.go:319.33,322.3 2 0
github.com/dfklegend/cell/rpc/client/mailbox.go:326.48,328.2 1 1
github.com/dfklegend/cell/rpc/client/mailbox.go:330.73,334.25 3 1
github.com/dfklegend/cell/rpc/client/mailbox.go:339.2,339.20 1 1
github.com/dfklegend/cell/rpc/client/mailbox.go:334.25,337.3 2 0
github.com/dfklegend/cell/rpc/client/mailbox.go:342.47,345.19 3 1
github.com/dfklegend/cell/rpc/client/mailbox.go:345.19,349.3 2 1
github.com/dfklegend/cell/rpc/client/mailbox.go:352.48,355.27 1 1
github.com/dfklegend/cell/rpc/client/mailbox.go:358.2,358.66 1 1
github.com/dfklegend/cell/rpc/client/mailbox.go:355.27,357.3 1 0
github.com/dfklegend/cell/rpc/client/mailbox.go:358.66,361.3 2 1
github.com/dfklegend/cell/rpc/client/mailbox.go:364.46,379.16 4 1
github.com/dfklegend/cell/rpc/client/mailbox.go:379.16,381.3 1 0
github.com/dfklegend/cell/rpc/client/mailbox.go:385.52,389.2 3 1
github.com/dfklegend/cell/rpc/client/mailbox.go:391.46,396.16 4 1
github.com/dfklegend/cell/rpc/client/mailbox.go:396.16,398.3 1 1
github.com/dfklegend/cell/rpc/client/mailbox.go:404.76,408.16 3 1
github.com/dfklegend/cell/rpc/client/mailbox.go:413.2,415.26 2 1
github.com/dfklegend/cell/rpc/client/mailbox.go:408.16,411.3 2 0
github.com/dfklegend/cell/rpc/client/mailbox.go:415.26,416.50 1 0
github.com/dfklegend/cell/rpc/client/mailbox.go:416.50,419.4 2 0
github.com/dfklegend/cell/rpc/client/mailbox.go:420.8,422.3 1 1
github.com/dfklegend/cell/rpc/client/mailbox.go:425.88,430.18 3 1
github.com/dfklegend/cell/rpc/client/mailbox.go:440.2,443.13 3 1
github.com/dfklegend/cell/rpc/client/mailbox.go:430.18,433.21 2 1
github.com/dfklegend/cell/rpc/client/mailbox.go:436.3,436.29 1 1
github.com/dfklegend/cell/rpc/client/mailbox.go:433.21,435.4 1 0
github.com/dfklegend/cell/rpc/client/mailbox.go:437.8,439.3 1 1
github.com/dfklegend/cell/rpc/client/mailbox.go:447.59,450.16 3 0
github.com/dfklegend/cell/rpc/client/mailbox.go:453.2,454.15 2 0
github.com/dfklegend/cell/rpc/client/mailbox.go:450.16,452.3 1 0
github.com/dfklegend/cell/rpc/client/mailbox.go:457.33,463.2 5 0
github.com/dfklegend/cell/rpc/client/mailbox.go:465.41,469.2 2 0
github.com/dfklegend/cell/rpc/client/mailstation.go:19.52,24.2 1 1
github.com/dfklegend/cell/rpc/client/mailstation.go:26.48,28.2 1 1
github.com/dfklegend/cell/rpc/client/mailstation.go:30.33,34.36 3 1
github.com/dfklegend/cell/rpc/client/mailstation.go:38.2,38.43 1 1
github.com/dfklegend/cell/rpc/client/mailstation.go:34.36,36.3 1 1
github.com/dfklegend/cell/rpc/client/mailstation.go:42.69,43.36 1 1
github.com/dfklegend/cell/rpc/client/mailstation.go:48.2,52.30 4 1
github.com/dfklegend/cell/rpc/client/mailstation.go:43.36,46.3 2 0
github.com/dfklegend/cell/rpc/client/mailstation.go:55.66,60.2 3 1
github.com/dfklegend/cell/rpc/client/mailstation.go:62.56,64.15 2 0
github.com/dfklegend/cell/rpc/client/mailstation.go:68.2,69.29 2 0
github.com/dfklegend/cell/rpc/client/mailstation.go:64.15,66.3 1 0
github.com/dfklegend/cell/rpc/client/mailstation.go:72.56,77.2 3 0
github.com/dfklegend/cell/rpc/client/mailstation.go:80.43,82.15 2 1
github.com/dfklegend/cell/rpc/client/mailstation.go:87.2,87.36 1 1
github.com/dfklegend/cell/rpc/client/mailstation.go:82.15,85.3 2 0
github.com/dfklegend/cell/rpc/client/mailstation.go:90.37,94.36 3 0
github.com/dfklegend/cell/rpc/client/mailstation.go:94.36,96.3 1 0
github.com/dfklegend/cell/rpc/client/mailstation.go:100.48,104.36 3 0
github.com/dfklegend/cell/rpc/client/mailstation.go:109.2,109.13 1 0
github.com/dfklegend/cell/rpc/client/mailstation.go:104.36,105.25 1 0
github.com/dfklegend/cell/rpc/client/mailstation.go:105.25,107.4 1 0
github.com/dfklegend/cell/rpc/client/request.go:46.52,55.30 2 1
github.com/dfklegend/cell/rpc/client/request.go:59.2,60.12 2 1
github.com/dfklegend/cell/rpc/client/request.go:55.30,57.3 1 1
github.com/dfklegend/cell/rpc/client/request.go:65.34,66.28 1 1
github.com/dfklegend/cell/rpc/client/request.go:69.2,72.32 4 1
github.com/dfklegend/cell/rpc/client/request.go:77.2,77.22 1 1
github.com/dfklegend/cell/rpc/client/request.go:81.2,83.30 2 1
github.com/dfklegend/cell/rpc/client/request.go:66.28,68.3 1 1
github.com/dfklegend/cell/rpc/client/request.go:72.32,74.3 1 0
github.com/dfklegend/cell/rpc/client/request.go:77.22,79.3 1 0
github.com/dfklegend/cell/rpc/client/request.go:83.30,85.3 1 0
github.com/dfklegend/cell/rpc/client/request.go:88.37,90.2 1 1
github.com/dfklegend/cell/rpc/client/request.go:96.44,97.29 1 1
github.com/dfklegend/cell/rpc/client/request.go:97.29,99.3 1 1
github.com/dfklegend/cell/rpc/client/request.go:102.45,103.29 1 0
github.com/dfklegend/cell/rpc/client/request.go:103.29,105.3 1 0
github.com/dfklegend/cell/rpc/client/request.go:108.50,109.29 1 0
github.com/dfklegend/cell/rpc/client/request.go:109.29,111.3 1 0
