mode: set
github.com/dfklegend/cell/rpc/server/node.go:26.42,35.2 1 1
github.com/dfklegend/cell/rpc/server/node.go:37.63,39.2 1 1
github.com/dfklegend/cell/rpc/server/node.go:42.49,47.2 4 1
github.com/dfklegend/cell/rpc/server/node.go:49.35,50.25 1 1
github.com/dfklegend/cell/rpc/server/node.go:50.25,52.3 1 1
github.com/dfklegend/cell/rpc/server/node.go:55.82,61.2 5 1
github.com/dfklegend/cell/rpc/server/node.go:63.56,71.13 4 1
github.com/dfklegend/cell/rpc/server/node.go:78.2,78.99 1 1
github.com/dfklegend/cell/rpc/server/node.go:98.2,98.20 1 1
github.com/dfklegend/cell/rpc/server/node.go:71.13,75.3 3 1
github.com/dfklegend/cell/rpc/server/node.go:78.99,80.15 1 1
github.com/dfklegend/cell/rpc/server/node.go:84.3,87.15 3 1
github.com/dfklegend/cell/rpc/server/node.go:94.3,94.57 1 1
github.com/dfklegend/cell/rpc/server/node.go:80.15,82.4 1 1
github.com/dfklegend/cell/rpc/server/node.go:87.15,89.4 1 1
github.com/dfklegend/cell/rpc/server/node.go:89.9,91.4 1 1
github.com/dfklegend/cell/rpc/server/node.go:98.20,100.14 2 1
github.com/dfklegend/cell/rpc/server/node.go:100.14,103.4 1 1
github.com/dfklegend/cell/rpc/server/node.go:107.84,109.2 1 1
github.com/dfklegend/cell/rpc/server/node.go:111.45,114.2 1 0
github.com/dfklegend/cell/rpc/server/server.go:23.34,25.2 1 1
github.com/dfklegend/cell/rpc/server/server.go:27.51,29.2 1 1
github.com/dfklegend/cell/rpc/server/server.go:31.44,33.16 2 1
github.com/dfklegend/cell/rpc/server/server.go:36.2,40.39 4 1
github.com/dfklegend/cell/rpc/server/server.go:44.2,44.13 1 1
github.com/dfklegend/cell/rpc/server/server.go:33.16,35.3 1 0
github.com/dfklegend/cell/rpc/server/server.go:40.39,42.3 1 0
github.com/dfklegend/cell/rpc/server/server.go:47.32,49.2 1 1
github.com/dfklegend/cell/rpc/server/server.go:52.97,57.2 2 1
github.com/dfklegend/cell/rpc/server/server.go:59.107,66.17 3 1
github.com/dfklegend/cell/rpc/server/server.go:76.2,78.8 1 1
github.com/dfklegend/cell/rpc/server/server.go:66.17,67.27 1 1
github.com/dfklegend/cell/rpc/server/server.go:67.27,73.4 5 1
github.com/dfklegend/cell/rpc/server/waitack.go:21.34,25.2 1 1
github.com/dfklegend/cell/rpc/server/waitack.go:35.36,39.2 1 1
github.com/dfklegend/cell/rpc/server/waitack.go:42.58,49.2 3 1
github.com/dfklegend/cell/rpc/server/waitack.go:51.70,56.15 4 0
github.com/dfklegend/cell/rpc/server/waitack.go:59.2,59.32 1 0
github.com/dfklegend/cell/rpc/server/waitack.go:56.15,58.3 1 0
github.com/dfklegend/cell/rpc/server/waitack.go:62.92,67.15 4 1
github.com/dfklegend/cell/rpc/server/waitack.go:72.2,74.22 3 1
github.com/dfklegend/cell/rpc/server/waitack.go:67.15,70.3 2 0
github.com/dfklegend/cell/rpc/server/waitack.go:78.82,82.25 3 1
github.com/dfklegend/cell/rpc/server/waitack.go:86.2,88.31 3 1
github.com/dfklegend/cell/rpc/server/waitack.go:98.2,98.26 1 1
github.com/dfklegend/cell/rpc/server/waitack.go:102.2,102.13 1 1
github.com/dfklegend/cell/rpc/server/waitack.go:82.25,84.3 1 1
github.com/dfklegend/cell/rpc/server/waitack.go:88.31,89.20 1 1
github.com/dfklegend/cell/rpc/server/waitack.go:92.3,92.43 1 1
github.com/dfklegend/cell/rpc/server/waitack.go:89.20,90.9 1 1
github.com/dfklegend/cell/rpc/server/waitack.go:92.43,95.4 2 1
github.com/dfklegend/cell/rpc/server/waitack.go:98.26,100.3 1 1
